I, [2015-07-23T14:22:57.316255 #58457]  INFO -- default-centos-66: -----> Converging <default-centos-66>...
I, [2015-07-23T14:22:57.316735 #58457]  INFO -- default-centos-66: Preparing files for transfer
I, [2015-07-23T14:22:57.316807 #58457]  INFO -- default-centos-66: Preparing dna.json
I, [2015-07-23T14:22:57.320674 #58457]  INFO -- default-centos-66: Resolving cookbook dependencies with Berkshelf 3.3.0...
I, [2015-07-23T14:22:58.239121 #58457]  INFO -- default-centos-66: Removing non-cookbook files before transfer
I, [2015-07-23T14:22:58.245661 #58457]  INFO -- default-centos-66: Preparing validation.pem
I, [2015-07-23T14:22:58.248960 #58457]  INFO -- default-centos-66: Preparing client.rb
I, [2015-07-23T14:22:58.476544 #58457]  INFO -- default-centos-66: -----> Chef Omnibus installation detected (install only if missing)
I, [2015-07-23T14:22:58.522453 #58457]  INFO -- default-centos-66: Transferring files to <default-centos-66>
I, [2015-07-23T14:22:59.578215 #58457]  INFO -- default-centos-66: Starting Chef Client, version 12.4.1
I, [2015-07-23T14:23:00.642940 #58457]  INFO -- default-centos-66: [2015-07-23T18:22:59+00:00] WARN: Child with name 'dna.json' found in multiple directories: /tmp/kitchen/dna.json and /tmp/kitchen/dna.json
I, [2015-07-23T14:23:00.647242 #58457]  INFO -- default-centos-66: resolving cookbooks for run list: ["yum-gd", "java", "grails"]
I, [2015-07-23T14:23:00.797722 #58457]  INFO -- default-centos-66: Synchronizing Cookbooks:
I, [2015-07-23T14:23:00.799799 #58457]  INFO -- default-centos-66:   - yum-gd
I, [2015-07-23T14:23:00.806264 #58457]  INFO -- default-centos-66:   - yum
I, [2015-07-23T14:23:00.806301 #58457]  INFO -- default-centos-66:   - java
I, [2015-07-23T14:23:00.808855 #58457]  INFO -- default-centos-66:   - grails
I, [2015-07-23T14:23:00.808890 #58457]  INFO -- default-centos-66: Compiling Cookbooks...
I, [2015-07-23T14:23:00.833669 #58457]  INFO -- default-centos-66: Converging 13 resources
I, [2015-07-23T14:23:00.833750 #58457]  INFO -- default-centos-66: Recipe: yum-gd::default
I, [2015-07-23T14:23:00.835282 #58457]  INFO -- default-centos-66: 
I, [2015-07-23T14:23:00.838866 #58457]  INFO -- default-centos-66: 
I, [2015-07-23T14:23:00.840177 #58457]  INFO -- default-centos-66: 
I, [2015-07-23T14:23:00.840207 #58457]  INFO -- default-centos-66:       - update content in file /etc/yum.repos.d/datadog.repo from none to e8011d
I, [2015-07-23T14:23:00.840224 #58457]  INFO -- default-centos-66:       --- /etc/yum.repos.d/datadog.repo	2015-07-23 18:22:59.523012830 +0000
I, [2015-07-23T14:23:00.840237 #58457]  INFO -- default-centos-66:       +++ /tmp/chef-rendered-template20150723-3320-1yrxm3b	2015-07-23 18:22:59.523012830 +0000
I, [2015-07-23T14:23:00.840249 #58457]  INFO -- default-centos-66:       @@ -1 +1,16 @@
I, [2015-07-23T14:23:00.840260 #58457]  INFO -- default-centos-66:       +# This file was generated by Chef
I, [2015-07-23T14:23:00.840272 #58457]  INFO -- default-centos-66:       +# Do NOT modify this file by hand.
I, [2015-07-23T14:23:00.840282 #58457]  INFO -- default-centos-66:       +
I, [2015-07-23T14:23:00.840293 #58457]  INFO -- default-centos-66:       +[datadog]
I, [2015-07-23T14:23:00.840304 #58457]  INFO -- default-centos-66:       +name=datadog
I, [2015-07-23T14:23:00.840334 #58457]  INFO -- default-centos-66:       +baseurl=http://yum.awsdev.usatoday.com/datadog/6/$basearch
I, [2015-07-23T14:23:00.840345 #58457]  INFO -- default-centos-66:       +enabled=1
I, [2015-07-23T14:23:00.840356 #58457]  INFO -- default-centos-66:       +failovermethod=priority
I, [2015-07-23T14:23:00.840367 #58457]  INFO -- default-centos-66:       +gpgcheck=0
I, [2015-07-23T14:23:00.840378 #58457]  INFO -- default-centos-66:       +gpgkey=
I, [2015-07-23T14:23:00.840389 #58457]  INFO -- default-centos-66:       +metadata_expire=300
I, [2015-07-23T14:23:00.840400 #58457]  INFO -- default-centos-66:       +mirror_expire=300
I, [2015-07-23T14:23:00.840410 #58457]  INFO -- default-centos-66:       +priority=10
I, [2015-07-23T14:23:00.840421 #58457]  INFO -- default-centos-66:       +retries=5
I, [2015-07-23T14:23:00.840447 #58457]  INFO -- default-centos-66:       +timeout=10
I, [2015-07-23T14:23:00.990274 #58457]  INFO -- default-centos-66: 
I, [2015-07-23T14:23:00.991077 #58457]  INFO -- default-centos-66: 
I, [2015-07-23T14:23:01.265512 #58457]  INFO -- default-centos-66: 
I, [2015-07-23T14:23:01.265574 #58457]  INFO -- default-centos-66:       - execute yum clean all --disablerepo=* --enablerepo=datadog
I, [2015-07-23T14:23:02.012409 #58457]  INFO -- default-centos-66: 
I, [2015-07-23T14:23:02.012489 #58457]  INFO -- default-centos-66:       - execute yum -q -y makecache --disablerepo=* --enablerepo=datadog
I, [2015-07-23T14:23:02.013306 #58457]  INFO -- default-centos-66: 
I, [2015-07-23T14:23:02.013344 #58457]  INFO -- default-centos-66:       - execute the ruby block yum-cache-reload-datadog
I, [2015-07-23T14:23:02.014236 #58457]  INFO -- default-centos-66:  (skipped due to action :nothing)
I, [2015-07-23T14:23:02.014274 #58457]  INFO -- default-centos-66:     * execute[yum-makecache-datadog] action nothing (skipped due to action :nothing)
I, [2015-07-23T14:23:02.014296 #58457]  INFO -- default-centos-66:     * ruby_block[yum-cache-reload-datadog] action nothing (skipped due to action :nothing)
I, [2015-07-23T14:23:02.014314 #58457]  INFO -- default-centos-66:   
I, [2015-07-23T14:23:02.018979 #58457]  INFO -- default-centos-66: 
I, [2015-07-23T14:23:02.022558 #58457]  INFO -- default-centos-66: 
I, [2015-07-23T14:23:02.024691 #58457]  INFO -- default-centos-66: 
I, [2015-07-23T14:23:02.024739 #58457]  INFO -- default-centos-66:       - update content in file /etc/yum.repos.d/gdcustom.repo from none to d28fd1
I, [2015-07-23T14:23:02.024756 #58457]  INFO -- default-centos-66:       --- /etc/yum.repos.d/gdcustom.repo	2015-07-23 18:23:00.707604827 +0000
I, [2015-07-23T14:23:02.024769 #58457]  INFO -- default-centos-66:       +++ /tmp/chef-rendered-template20150723-3320-j7ggx5	2015-07-23 18:23:00.707604827 +0000
I, [2015-07-23T14:23:02.024781 #58457]  INFO -- default-centos-66:       @@ -1 +1,16 @@
I, [2015-07-23T14:23:02.024792 #58457]  INFO -- default-centos-66:       +# This file was generated by Chef
I, [2015-07-23T14:23:02.024803 #58457]  INFO -- default-centos-66:       +# Do NOT modify this file by hand.
I, [2015-07-23T14:23:02.024814 #58457]  INFO -- default-centos-66:       +
I, [2015-07-23T14:23:02.024825 #58457]  INFO -- default-centos-66:       +[gdcustom]
I, [2015-07-23T14:23:02.024836 #58457]  INFO -- default-centos-66:       +name=GDP Custom compiled
I, [2015-07-23T14:23:02.024846 #58457]  INFO -- default-centos-66:       +baseurl=http://yum.awsdev.usatoday.com/gdcustom/$basearch
I, [2015-07-23T14:23:02.024883 #58457]  INFO -- default-centos-66:       +enabled=1
I, [2015-07-23T14:23:02.024894 #58457]  INFO -- default-centos-66:       +failovermethod=priority
I, [2015-07-23T14:23:02.024904 #58457]  INFO -- default-centos-66:       +gpgcheck=0
I, [2015-07-23T14:23:02.024914 #58457]  INFO -- default-centos-66:       +gpgkey=
I, [2015-07-23T14:23:02.024925 #58457]  INFO -- default-centos-66:       +metadata_expire=300
I, [2015-07-23T14:23:02.024935 #58457]  INFO -- default-centos-66:       +mirror_expire=300
I, [2015-07-23T14:23:02.024945 #58457]  INFO -- default-centos-66:       +priority=10
I, [2015-07-23T14:23:02.024955 #58457]  INFO -- default-centos-66:       +retries=5
I, [2015-07-23T14:23:02.024965 #58457]  INFO -- default-centos-66:       +timeout=10
I, [2015-07-23T14:23:02.136736 #58457]  INFO -- default-centos-66: 
I, [2015-07-23T14:23:02.137898 #58457]  INFO -- default-centos-66: 
I, [2015-07-23T14:23:02.285794 #58457]  INFO -- default-centos-66: 
I, [2015-07-23T14:23:02.285858 #58457]  INFO -- default-centos-66:       - execute yum clean all --disablerepo=* --enablerepo=gdcustom
I, [2015-07-23T14:23:02.749583 #58457]  INFO -- default-centos-66: 
I, [2015-07-23T14:23:02.750292 #58457]  INFO -- default-centos-66: 
I, [2015-07-23T14:23:02.751304 #58457]  INFO -- default-centos-66: 
I, [2015-07-23T14:23:02.751342 #58457]  INFO -- default-centos-66:       - execute the ruby block yum-cache-reload-gdcustom
I, [2015-07-23T14:23:02.752344 #58457]  INFO -- default-centos-66:     * execute[yum clean gdcustom] action nothing (skipped due to action :nothing)
I, [2015-07-23T14:23:02.752384 #58457]  INFO -- default-centos-66:     * execute[yum-makecache-gdcustom] action nothing (skipped due to action :nothing)
I, [2015-07-23T14:23:02.752406 #58457]  INFO -- default-centos-66:     * ruby_block[yum-cache-reload-gdcustom] action nothing (skipped due to action :nothing)
I, [2015-07-23T14:23:02.753774 #58457]  INFO -- default-centos-66:   
I, [2015-07-23T14:23:02.756648 #58457]  INFO -- default-centos-66: 
I, [2015-07-23T14:23:02.760201 #58457]  INFO -- default-centos-66: 
I, [2015-07-23T14:23:02.761169 #58457]  INFO -- default-centos-66: 
I, [2015-07-23T14:23:02.761202 #58457]  INFO -- default-centos-66:       - update content in file /etc/yum.repos.d/opsmatic.repo from none to 93aa45
I, [2015-07-23T14:23:02.761219 #58457]  INFO -- default-centos-66:       --- /etc/yum.repos.d/opsmatic.repo	2015-07-23 18:23:01.445973829 +0000
I, [2015-07-23T14:23:02.761234 #58457]  INFO -- default-centos-66:       +++ /tmp/chef-rendered-template20150723-3320-1vjw7y2	2015-07-23 18:23:01.444973329 +0000
I, [2015-07-23T14:23:02.761248 #58457]  INFO -- default-centos-66:       @@ -1 +1,16 @@
I, [2015-07-23T14:23:02.761260 #58457]  INFO -- default-centos-66:       +# This file was generated by Chef
I, [2015-07-23T14:23:02.761272 #58457]  INFO -- default-centos-66:       +# Do NOT modify this file by hand.
I, [2015-07-23T14:23:02.761284 #58457]  INFO -- default-centos-66:       +
I, [2015-07-23T14:23:02.761296 #58457]  INFO -- default-centos-66:       +[opsmatic]
I, [2015-07-23T14:23:02.761308 #58457]  INFO -- default-centos-66:       +name=opsmatic Mirror
I, [2015-07-23T14:23:02.761320 #58457]  INFO -- default-centos-66:       +baseurl=http://yum.awsdev.usatoday.com/opsmatic/6/$basearch/
I, [2015-07-23T14:23:02.761332 #58457]  INFO -- default-centos-66:       +enabled=1
I, [2015-07-23T14:23:02.761344 #58457]  INFO -- default-centos-66:       +failovermethod=priority
I, [2015-07-23T14:23:02.762652 #58457]  INFO -- default-centos-66: 
I, [2015-07-23T14:23:02.762685 #58457]  INFO -- default-centos-66:       +gpgkey=
I, [2015-07-23T14:23:02.762701 #58457]  INFO -- default-centos-66:       +metadata_expire=300
I, [2015-07-23T14:23:02.762714 #58457]  INFO -- default-centos-66:       +mirror_expire=300
I, [2015-07-23T14:23:02.762753 #58457]  INFO -- default-centos-66:       +priority=10
I, [2015-07-23T14:23:02.762764 #58457]  INFO -- default-centos-66:       +retries=5
I, [2015-07-23T14:23:02.762775 #58457]  INFO -- default-centos-66:       +timeout=10
I, [2015-07-23T14:23:02.866164 #58457]  INFO -- default-centos-66: 
I, [2015-07-23T14:23:02.867862 #58457]  INFO -- default-centos-66: 
I, [2015-07-23T14:23:03.019979 #58457]  INFO -- default-centos-66: 
I, [2015-07-23T14:23:03.020042 #58457]  INFO -- default-centos-66:       - execute yum clean all --disablerepo=* --enablerepo=opsmatic
I, [2015-07-23T14:23:03.316572 #58457]  INFO -- default-centos-66:     * execute[yum-makecache-opsmatic] action run
I, [2015-07-23T14:23:03.316633 #58457]  INFO -- default-centos-66:       - execute yum -q -y makecache --disablerepo=* --enablerepo=opsmatic
I, [2015-07-23T14:23:03.317358 #58457]  INFO -- default-centos-66: 
I, [2015-07-23T14:23:03.317398 #58457]  INFO -- default-centos-66:       - execute the ruby block yum-cache-reload-opsmatic
I, [2015-07-23T14:23:03.317421 #58457]  INFO -- default-centos-66:     * execute[yum clean opsmatic] action nothing (skipped due to action :nothing)
I, [2015-07-23T14:23:03.317439 #58457]  INFO -- default-centos-66:     * execute[yum-makecache-opsmatic] action nothing (skipped due to action :nothing)
I, [2015-07-23T14:23:03.317456 #58457]  INFO -- default-centos-66:     * ruby_block[yum-cache-reload-opsmatic] action nothing (skipped due to action :nothing)
I, [2015-07-23T14:23:03.318941 #58457]  INFO -- default-centos-66:   
I, [2015-07-23T14:23:03.322620 #58457]  INFO -- default-centos-66: 
I, [2015-07-23T14:23:03.325685 #58457]  INFO -- default-centos-66: 
I, [2015-07-23T14:23:03.326825 #58457]  INFO -- default-centos-66: 
I, [2015-07-23T14:23:03.326860 #58457]  INFO -- default-centos-66:       - update content in file /etc/yum.repos.d/scalr.repo from none to 171c5f
I, [2015-07-23T14:23:03.326877 #58457]  INFO -- default-centos-66:       --- /etc/yum.repos.d/scalr.repo	2015-07-23 18:23:02.011256326 +0000
I, [2015-07-23T14:23:03.326890 #58457]  INFO -- default-centos-66:       +++ /tmp/chef-rendered-template20150723-3320-174xl43	2015-07-23 18:23:02.011256326 +0000
I, [2015-07-23T14:23:03.326902 #58457]  INFO -- default-centos-66:       @@ -1 +1,16 @@
I, [2015-07-23T14:23:03.326914 #58457]  INFO -- default-centos-66:       +# This file was generated by Chef
I, [2015-07-23T14:23:03.326925 #58457]  INFO -- default-centos-66:       +# Do NOT modify this file by hand.
I, [2015-07-23T14:23:03.326936 #58457]  INFO -- default-centos-66:       +
I, [2015-07-23T14:23:03.326947 #58457]  INFO -- default-centos-66:       +[scalr]
I, [2015-07-23T14:23:03.326958 #58457]  INFO -- default-centos-66:       +name=Scalr Mirror
I, [2015-07-23T14:23:03.326969 #58457]  INFO -- default-centos-66:       +baseurl=http://yum.awsdev.usatoday.com/scalr/6/$basearch/
I, [2015-07-23T14:23:03.326980 #58457]  INFO -- default-centos-66:       +enabled=1
I, [2015-07-23T14:23:03.326991 #58457]  INFO -- default-centos-66:       +failovermethod=priority
I, [2015-07-23T14:23:03.327001 #58457]  INFO -- default-centos-66:       +gpgcheck=0
I, [2015-07-23T14:23:03.327024 #58457]  INFO -- default-centos-66:       +gpgkey=
I, [2015-07-23T14:23:03.327036 #58457]  INFO -- default-centos-66:       +metadata_expire=300
I, [2015-07-23T14:23:03.327046 #58457]  INFO -- default-centos-66:       +mirror_expire=300
I, [2015-07-23T14:23:03.327057 #58457]  INFO -- default-centos-66:       +priority=10
I, [2015-07-23T14:23:03.327068 #58457]  INFO -- default-centos-66:       +retries=5
I, [2015-07-23T14:23:03.327763 #58457]  INFO -- default-centos-66: 
I, [2015-07-23T14:23:03.429927 #58457]  INFO -- default-centos-66: 
I, [2015-07-23T14:23:03.430008 #58457]  INFO -- default-centos-66:       - restore selinux security context
I, [2015-07-23T14:23:03.584684 #58457]  INFO -- default-centos-66: 
I, [2015-07-23T14:23:03.584763 #58457]  INFO -- default-centos-66:       - execute yum clean all --disablerepo=* --enablerepo=scalr
I, [2015-07-23T14:23:14.357122 #58457]  INFO -- default-centos-66: 
I, [2015-07-23T14:23:14.357184 #58457]  INFO -- default-centos-66:       - execute yum -q -y makecache --disablerepo=* --enablerepo=scalr
I, [2015-07-23T14:23:14.357206 #58457]  INFO -- default-centos-66:     * ruby_block[yum-cache-reload-scalr] action create
I, [2015-07-23T14:23:14.357223 #58457]  INFO -- default-centos-66:       - execute the ruby block yum-cache-reload-scalr
I, [2015-07-23T14:23:14.357239 #58457]  INFO -- default-centos-66:     * execute[yum clean scalr] action nothing (skipped due to action :nothing)
I, [2015-07-23T14:23:14.357255 #58457]  INFO -- default-centos-66:     * execute[yum-makecache-scalr] action nothing (skipped due to action :nothing)
I, [2015-07-23T14:23:14.357270 #58457]  INFO -- default-centos-66:     * ruby_block[yum-cache-reload-scalr] action nothing (skipped due to action :nothing)
I, [2015-07-23T14:23:14.357285 #58457]  INFO -- default-centos-66:   
I, [2015-07-23T14:23:14.360945 #58457]  INFO -- default-centos-66: 
I, [2015-07-23T14:23:14.365100 #58457]  INFO -- default-centos-66: 
I, [2015-07-23T14:23:14.366090 #58457]  INFO -- default-centos-66: 
I, [2015-07-23T14:23:14.366118 #58457]  INFO -- default-centos-66:       - update content in file /etc/yum.repos.d/s3tools.repo from none to a4e000
I, [2015-07-23T14:23:14.366138 #58457]  INFO -- default-centos-66:       --- /etc/yum.repos.d/s3tools.repo	2015-07-23 18:23:13.056776324 +0000
I, [2015-07-23T14:23:14.367126 #58457]  INFO -- default-centos-66: 
I, [2015-07-23T14:23:14.367163 #58457]  INFO -- default-centos-66:       @@ -1 +1,16 @@
I, [2015-07-23T14:23:14.367178 #58457]  INFO -- default-centos-66:       +# This file was generated by Chef
I, [2015-07-23T14:23:14.367209 #58457]  INFO -- default-centos-66:       +# Do NOT modify this file by hand.
I, [2015-07-23T14:23:14.367224 #58457]  INFO -- default-centos-66:       +
I, [2015-07-23T14:23:14.367235 #58457]  INFO -- default-centos-66:       +[s3tools]
I, [2015-07-23T14:23:14.367246 #58457]  INFO -- default-centos-66:       +name=s3tools-Base
I, [2015-07-23T14:23:14.367256 #58457]  INFO -- default-centos-66:       +baseurl=http://yum.awsdev.usatoday.com/s3tools/$basearch/
I, [2015-07-23T14:23:14.367267 #58457]  INFO -- default-centos-66:       +enabled=1
I, [2015-07-23T14:23:14.367277 #58457]  INFO -- default-centos-66:       +failovermethod=priority
I, [2015-07-23T14:23:14.367287 #58457]  INFO -- default-centos-66:       +gpgcheck=0
I, [2015-07-23T14:23:14.367297 #58457]  INFO -- default-centos-66:       +gpgkey=
I, [2015-07-23T14:23:14.367307 #58457]  INFO -- default-centos-66:       +metadata_expire=300
I, [2015-07-23T14:23:14.367320 #58457]  INFO -- default-centos-66:       +mirror_expire=300
I, [2015-07-23T14:23:14.367352 #58457]  INFO -- default-centos-66:       +priority=10
I, [2015-07-23T14:23:14.367362 #58457]  INFO -- default-centos-66:       +retries=5
I, [2015-07-23T14:23:14.367372 #58457]  INFO -- default-centos-66:       +timeout=10
I, [2015-07-23T14:23:14.475493 #58457]  INFO -- default-centos-66: 
I, [2015-07-23T14:23:14.476666 #58457]  INFO -- default-centos-66: 
I, [2015-07-23T14:23:14.648025 #58457]  INFO -- default-centos-66: 
I, [2015-07-23T14:23:14.648145 #58457]  INFO -- default-centos-66:       - execute yum clean all --disablerepo=* --enablerepo=s3tools
I, [2015-07-23T14:23:14.970318 #58457]  INFO -- default-centos-66:     * execute[yum-makecache-s3tools] action run
I, [2015-07-23T14:23:14.970593 #58457]  INFO -- default-centos-66: 
I, [2015-07-23T14:23:14.972513 #58457]  INFO -- default-centos-66:     * ruby_block[yum-cache-reload-s3tools] action create
I, [2015-07-23T14:23:14.973625 #58457]  INFO -- default-centos-66: 
I, [2015-07-23T14:23:14.973659 #58457]  INFO -- default-centos-66:     * execute[yum clean s3tools] action nothing (skipped due to action :nothing)
I, [2015-07-23T14:23:14.973679 #58457]  INFO -- default-centos-66:     * execute[yum-makecache-s3tools] action nothing (skipped due to action :nothing)
I, [2015-07-23T14:23:14.973695 #58457]  INFO -- default-centos-66:     * ruby_block[yum-cache-reload-s3tools] action nothing (skipped due to action :nothing)
I, [2015-07-23T14:23:14.975313 #58457]  INFO -- default-centos-66:   
I, [2015-07-23T14:23:14.975347 #58457]  INFO -- default-centos-66: Recipe: java::set_java_home
I, [2015-07-23T14:23:14.975365 #58457]  INFO -- default-centos-66:   * ruby_block[set-env-java-home] action run
I, [2015-07-23T14:23:14.975381 #58457]  INFO -- default-centos-66:     - execute the ruby block set-env-java-home
I, [2015-07-23T14:23:14.976742 #58457]  INFO -- default-centos-66:  (up to date)
I, [2015-07-23T14:23:14.979298 #58457]  INFO -- default-centos-66: 
I, [2015-07-23T14:23:14.979331 #58457]  INFO -- default-centos-66:     - create new file /etc/profile.d/jdk.sh
I, [2015-07-23T14:23:14.979347 #58457]  INFO -- default-centos-66:     - update content in file /etc/profile.d/jdk.sh from none to 26187d
I, [2015-07-23T14:23:14.979361 #58457]  INFO -- default-centos-66:     --- /etc/profile.d/jdk.sh	2015-07-23 18:23:13.670082826 +0000
I, [2015-07-23T14:23:14.979373 #58457]  INFO -- default-centos-66:     +++ /etc/profile.d/.jdk.sh20150723-3320-oekt9m	2015-07-23 18:23:13.670082826 +0000
I, [2015-07-23T14:23:14.979385 #58457]  INFO -- default-centos-66:     @@ -1 +1,2 @@
I, [2015-07-23T14:23:14.980015 #58457]  INFO -- default-centos-66: 
I, [2015-07-23T14:23:15.085703 #58457]  INFO -- default-centos-66: 
I, [2015-07-23T14:23:15.085764 #58457]  INFO -- default-centos-66:     - restore selinux security context
I, [2015-07-23T14:23:15.085784 #58457]  INFO -- default-centos-66: Recipe: java::oracle
I, [2015-07-23T14:23:15.089337 #58457]  INFO -- default-centos-66: 
I, [2015-07-23T14:23:15.091124 #58457]  INFO -- default-centos-66: 
